<?xml version="1.0" encoding="UTF-8"?>
<testng-results skipped="0" failed="1" ignored="0" total="4" passed="3">
  <reporter-output>
  </reporter-output>
  <suite name="BookStore Suite" duration-ms="229930" started-at="2025-04-10T12:41:16Z" finished-at="2025-04-10T12:45:06Z">
    <groups>
    </groups>
    <test name="BookStore Tests" duration-ms="229930" started-at="2025-04-10T12:41:16Z" finished-at="2025-04-10T12:45:06Z">
      <class name="tests.LoginTest">
        <test-method status="PASS" signature="setUp()[pri:0, instance:tests.LoginTest@222114ba]" name="setUp" is-config="true" duration-ms="49416" started-at="2025-04-10T12:41:16Z" finished-at="2025-04-10T12:42:05Z">
          <reporter-output>
          </reporter-output>
        </test-method> <!-- setUp -->
        <test-method status="PASS" signature="successfulLogin()[pri:0, instance:tests.LoginTest@222114ba]" name="successfulLogin" duration-ms="13005" started-at="2025-04-10T12:42:05Z" finished-at="2025-04-10T12:42:18Z">
          <reporter-output>
          </reporter-output>
        </test-method> <!-- successfulLogin -->
        <test-method status="PASS" signature="tearDown()[pri:0, instance:tests.LoginTest@222114ba]" name="tearDown" is-config="true" duration-ms="124" started-at="2025-04-10T12:42:18Z" finished-at="2025-04-10T12:42:18Z">
          <reporter-output>
          </reporter-output>
        </test-method> <!-- tearDown -->
        <test-method status="PASS" signature="setUp()[pri:0, instance:tests.LoginTest@222114ba]" name="setUp" is-config="true" duration-ms="40854" started-at="2025-04-10T12:42:18Z" finished-at="2025-04-10T12:42:59Z">
          <reporter-output>
          </reporter-output>
        </test-method> <!-- setUp -->
        <test-method status="PASS" signature="unSuccessfulLogin()[pri:0, instance:tests.LoginTest@222114ba]" name="unSuccessfulLogin" duration-ms="12139" started-at="2025-04-10T12:42:59Z" finished-at="2025-04-10T12:43:11Z">
          <reporter-output>
          </reporter-output>
        </test-method> <!-- unSuccessfulLogin -->
        <test-method status="PASS" signature="tearDown()[pri:0, instance:tests.LoginTest@222114ba]" name="tearDown" is-config="true" duration-ms="104" started-at="2025-04-10T12:43:11Z" finished-at="2025-04-10T12:43:11Z">
          <reporter-output>
          </reporter-output>
        </test-method> <!-- tearDown -->
      </class> <!-- tests.LoginTest -->
      <class name="tests.BookStoreTest">
        <test-method status="PASS" signature="setup()[pri:0, instance:tests.BookStoreTest@16e7dcfd]" name="setup" is-config="true" duration-ms="41851" started-at="2025-04-10T12:43:11Z" finished-at="2025-04-10T12:43:53Z">
          <reporter-output>
          </reporter-output>
        </test-method> <!-- setup -->
        <test-method status="FAIL" signature="verifyBookDetails()[pri:0, instance:tests.BookStoreTest@16e7dcfd]" name="verifyBookDetails" duration-ms="19569" started-at="2025-04-10T12:43:53Z" finished-at="2025-04-10T12:44:13Z">
          <exception class="java.lang.AssertionError">
            <message>
              <![CDATA[Page did not redirect to the expected URL. Current URL: https://demoqa.com/books?book=9781449325862]]>
            </message>
            <full-stacktrace>
              <![CDATA[java.lang.AssertionError: Page did not redirect to the expected URL. Current URL: https://demoqa.com/books?book=9781449325862
at tests.BookStoreTest.verifyBookDetails(BookStoreTest.java:27)
at sun.reflect.NativeMethodAccessorImpl.invoke0(Native Method)
at sun.reflect.NativeMethodAccessorImpl.invoke(NativeMethodAccessorImpl.java:62)
at sun.reflect.DelegatingMethodAccessorImpl.invoke(DelegatingMethodAccessorImpl.java:43)
at java.lang.reflect.Method.invoke(Method.java:498)
at org.testng.internal.MethodInvocationHelper.invokeMethod(MethodInvocationHelper.java:124)
at org.testng.internal.Invoker.invokeMethod(Invoker.java:583)
at org.testng.internal.Invoker.invokeTestMethod(Invoker.java:719)
at org.testng.internal.Invoker.invokeTestMethods(Invoker.java:989)
at org.testng.internal.TestMethodWorker.invokeTestMethods(TestMethodWorker.java:125)
at org.testng.internal.TestMethodWorker.run(TestMethodWorker.java:109)
at org.testng.TestRunner.privateRun(TestRunner.java:648)
at org.testng.TestRunner.run(TestRunner.java:505)
at org.testng.SuiteRunner.runTest(SuiteRunner.java:455)
at org.testng.SuiteRunner.runSequentially(SuiteRunner.java:450)
at org.testng.SuiteRunner.privateRun(SuiteRunner.java:415)
at org.testng.SuiteRunner.run(SuiteRunner.java:364)
at org.testng.SuiteRunnerWorker.runSuite(SuiteRunnerWorker.java:52)
at org.testng.SuiteRunnerWorker.run(SuiteRunnerWorker.java:84)
at org.testng.TestNG.runSuitesSequentially(TestNG.java:1208)
at org.testng.TestNG.runSuitesLocally(TestNG.java:1137)
at org.testng.TestNG.runSuites(TestNG.java:1049)
at org.testng.TestNG.run(TestNG.java:1017)
at org.apache.maven.surefire.testng.TestNGExecutor.run(TestNGExecutor.java:308)
at org.apache.maven.surefire.testng.TestNGXmlTestSuite.execute(TestNGXmlTestSuite.java:71)
at org.apache.maven.surefire.testng.TestNGProvider.invoke(TestNGProvider.java:113)
at org.apache.maven.surefire.booter.ForkedBooter.runSuitesInProcess(ForkedBooter.java:385)
at org.apache.maven.surefire.booter.ForkedBooter.execute(ForkedBooter.java:162)
at org.apache.maven.surefire.booter.ForkedBooter.run(ForkedBooter.java:507)
at org.apache.maven.surefire.booter.ForkedBooter.main(ForkedBooter.java:495)
]]>
            </full-stacktrace>
          </exception> <!-- java.lang.AssertionError -->
          <reporter-output>
          </reporter-output>
        </test-method> <!-- verifyBookDetails -->
        <test-method status="PASS" signature="tearDown()[pri:0, instance:tests.BookStoreTest@16e7dcfd]" name="tearDown" is-config="true" duration-ms="109" started-at="2025-04-10T12:44:13Z" finished-at="2025-04-10T12:44:13Z">
          <reporter-output>
          </reporter-output>
        </test-method> <!-- tearDown -->
        <test-method status="PASS" signature="setup()[pri:0, instance:tests.BookStoreTest@16e7dcfd]" name="setup" is-config="true" duration-ms="41294" started-at="2025-04-10T12:44:13Z" finished-at="2025-04-10T12:44:54Z">
          <reporter-output>
          </reporter-output>
        </test-method> <!-- setup -->
        <test-method status="PASS" signature="verifySearchResults()[pri:0, instance:tests.BookStoreTest@16e7dcfd]" name="verifySearchResults" duration-ms="11304" started-at="2025-04-10T12:44:54Z" finished-at="2025-04-10T12:45:06Z">
          <reporter-output>
          </reporter-output>
        </test-method> <!-- verifySearchResults -->
        <test-method status="PASS" signature="tearDown()[pri:0, instance:tests.BookStoreTest@16e7dcfd]" name="tearDown" is-config="true" duration-ms="116" started-at="2025-04-10T12:45:06Z" finished-at="2025-04-10T12:45:06Z">
          <reporter-output>
          </reporter-output>
        </test-method> <!-- tearDown -->
      </class> <!-- tests.BookStoreTest -->
    </test> <!-- BookStore Tests -->
  </suite> <!-- BookStore Suite -->
</testng-results>
